<?xml version="1.0" encoding="UTF-8"?>
<!-- Generated by org.testng.reporters.JUnitReportReporter -->
<testsuite hostname="MT-4QQN6L3" failures="0" tests="1" name="com.mindtree.runner.Runner" time="15.478" errors="0" timestamp="2022-08-03T11:30:39 IST" skipped="0">
  <testcase classname="com.mindtree.runner.Runner" name="promoHome" time="15.478"/>
  <system-out/>
</testsuite> <!-- com.mindtree.runner.Runner -->
